1523533003946	geckodriver	INFO	geckodriver 0.19.1
1523533003951	geckodriver	INFO	Listening on 127.0.0.1:62489
1523533007003	mozrunner::runner	INFO	Running command: "C:\\Program Files (x86)\\Mozilla Firefox\\firefox.exe" "-marionette" "-profile" "C:\\Users\\admin\\AppData\\Local\\Temp\\rust_mozprofile.XnkfKCJpEQFH"
1523533008188	Marionette	INFO	Enabled via --marionette
1523533009893	Marionette	INFO	Listening on port 62505
1523533010184	Marionette	WARN	TLS certificate errors will be ignored for this session
[Parent 6960, Gecko_IOThread] WARNING: pipe error: 109: file z:/build/build/src/ipc/chromium/src/chrome/common/ipc_channel_win.cc, line 346

###!!! [Parent][MessageChannel] Error: (msgtype=0x150090,name=PBrowser::Msg_UpdateNativeWindowHandle) Closed channel: cannot send/recv

[Child 16824, Chrome_ChildThread] WARNING: pipe error: 109: file z:/build/build/src/ipc/chromium/src/chrome/common/ipc_channel_win.cc, line 346

###!!! [Parent][MessageChannel] Error: (msgtype=0x150084,name=PBrowser::Msg_Destroy) Closed channel: cannot send/recv

[Child 16824, Chrome_ChildThread] WARNING: pipe error: 109: file z:/build/build/src/ipc/chromium/src/chrome/common/ipc_channel_win.cc, line 346

###!!! [Child][MessageChannel] Error: (msgtype=0x150001,name=PBrowser::Msg_AsyncMessage) Closed channel: cannot send/recv

JavaScript error: chrome://browser/content/tab-content.js, line 316: NS_ERROR_UNEXPECTED: Component returned failure code: 0x8000ffff (NS_ERROR_UNEXPECTED) [nsIMessageSender.sendAsyncMessage]

###!!! [Child][MessageChannel] Error: (msgtype=0x150001,name=PBrowser::Msg_AsyncMessage) Closed channel: cannot send/recv

JavaScript error: chrome://browser/content/content.js, line 699: NS_ERROR_UNEXPECTED: Component returned failure code: 0x8000ffff (NS_ERROR_UNEXPECTED) [nsIMessageSender.sendAsyncMessage]

###!!! [Child][MessageChannel] Error: (msgtype=0x450017,name=PHal::Msg_ModifyWakeLock) Closed channel: cannot send/recv


###!!! [Child][MessageChannel] Error: (msgtype=0x450017,name=PHal::Msg_ModifyWakeLock) Closed channel: cannot send/recv


###!!! [Child][MessageChannel] Error: (msgtype=0x450017,name=PHal::Msg_ModifyWakeLock) Closed channel: cannot send/recv


###!!! [Child][MessageChannel] Error: (msgtype=0x450017,name=PHal::Msg_ModifyWakeLock) Closed channel: cannot send/recv

[Child 12220, Chrome_ChildThread] WARNING: pipe error: 109: file z:/build/build/src/ipc/chromium/src/chrome/common/ipc_channel_win.cc, line 346

###!!! [Child][MessageChannel] Error: (msgtype=0x490005,name=PHttpChannel::Msg_Resume) Closed channel: cannot send/recv


###!!! [Child][MessageChannel] Error: (msgtype=0x490006,name=PHttpChannel::Msg_Cancel) Closed channel: cannot send/recv


###!!! [Child][MessageChannel] Error: (msgtype=0x490005,name=PHttpChannel::Msg_Resume) Closed channel: cannot send/recv


###!!! [Child][MessageChannel] Error: (msgtype=0x490006,name=PHttpChannel::Msg_Cancel) Closed channel: cannot send/recv


###!!! [Child][MessageChannel] Error: (msgtype=0x150001,name=PBrowser::Msg_AsyncMessage) Closed channel: cannot send/recv

JavaScript error: chrome://global/content/browser-child.js, line 125: NS_ERROR_UNEXPECTED: Component returned failure code: 0x8000ffff (NS_ERROR_UNEXPECTED) [nsIMessageSender.sendAsyncMessage]

###!!! [Child][MessageChannel] Error: (msgtype=0x15002B,name=PBrowser::Msg_SetInputContext) Closed channel: cannot send/recv

